Script started on Wed 15 Aug 2018 02:16:49 AM UTC
 $ git status
On branch testing-gg2-typewriter-
Your branch is up-to-date with 'origin/testing-gg2-typewriter-'.
Changes not staged for commit:
  (use "git add <file>..." to update what will be committed)
  (use "git checkout -- <file>..." to discard changes in working directory)

	[31mmodified:   _stored/AtmelStart.bin[m
	[31mmodified:   _stored/AtmelStart.elf[m
	[31mmodified:   _stored/AtmelStart.hex[m
	[31mmodified:   _stored/AtmelStart.lss[m
	[31mmodified:   _stored/AtmelStart.map[m

Untracked files:
  (use "git add <file>..." to include in what will be committed)

	[31mtypescript[m

no changes added to commit (use "git add" and/or "git commit -a")
 $ make clean
rm -f "hal/src/hal_io.o" "hpl/core/hpl_core_m4.o" "hal/utils/src/utils_syscalls.o" "hal/src/hal_delay.o" "hpl/oscctrl/hpl_oscctrl.o" "hpl/core/hpl_init.o" "hpl/gclk/hpl_gclk.o" "hal/utils/src/utils_list.o" "gcc/system_samd51.o" "hal/utils/src/utils_assert.o" "hpl/dmac/hpl_dmac.o" "hpl/pm/hpl_pm.o" "hal/src/hal_usart_sync.o" "hpl/mclk/hpl_mclk.o" "hpl/ramecc/hpl_ramecc.o" "hal/src/hal_init.o" "gcc/gcc/startup_samd51.o" "hpl/osc32kctrl/hpl_osc32kctrl.o" "examples/driver_examples.o" "driver_init.o" "hpl/sercom/hpl_sercom.o" "hal/src/hal_gpio.o" "hal/utils/src/utils_event.o" "hal/src/hal_sleep.o" "atmel_start.o" "hal/src/hal_atomic.o" "pins.o" "main.o"
rm -f AtmelStart.elf
rm -f "hal/src/hal_gpio.d" "hal/src/hal_io.d" "hpl/ramecc/hpl_ramecc.d" "hpl/core/hpl_core_m4.d" "hal/utils/src/utils_syscalls.d" "gcc/system_samd51.d" "hal/utils/src/utils_list.d" "hpl/dmac/hpl_dmac.d" "hal/utils/src/utils_assert.d" "hal/src/hal_delay.d" "hpl/core/hpl_init.d" "hpl/pm/hpl_pm.d" "hpl/gclk/hpl_gclk.d" "gcc/gcc/startup_samd51.d" "hal/src/hal_init.d" "hal/src/hal_usart_sync.d" "hpl/mclk/hpl_mclk.d" "driver_init.d" "hpl/osc32kctrl/hpl_osc32kctrl.d" "examples/driver_examples.d" "hal/src/hal_sleep.d" "hpl/sercom/hpl_sercom.d" "hal/utils/src/utils_event.d" "hal/src/hal_atomic.d" "hpl/oscctrl/hpl_oscctrl.d" "atmel_start.d" "pins.d" "main.d"
rm -f AtmelStart.a AtmelStart.hex AtmelStart.bin \
        AtmelStart.lss AtmelStart.eep AtmelStart.map \
        AtmelStart.srec
 $ git status
On branch testing-gg2-typewriter-
Your branch is up-to-date with 'origin/testing-gg2-typewriter-'.
Changes not staged for commit:
  (use "git add <file>..." to update what will be committed)
  (use "git checkout -- <file>..." to discard changes in working directory)

	[31mmodified:   _stored/AtmelStart.bin[m
	[31mmodified:   _stored/AtmelStart.elf[m
	[31mmodified:   _stored/AtmelStart.hex[m
	[31mmodified:   _stored/AtmelStart.lss[m
	[31mmodified:   _stored/AtmelStart.map[m

Untracked files:
  (use "git add <file>..." to include in what will be committed)

	[31mtypescript[m

no changes added to commit (use "git add" and/or "git commit -a")
 $ make checkout
# running target 'make checkout' now
 $ git status
On branch testing-gg2-typewriter-
Your branch is up-to-date with 'origin/testing-gg2-typewriter-'.
Untracked files:
  (use "git add <file>..." to include in what will be committed)

	[31mtypescript[m

nothing added to commit but untracked files present (use "git add" to track)
 gitt $ exit

Script done on Wed 15 Aug 2018 02:18:20 AM UTC
